Application/build/intermediates/manifest_merge_blame_file/debug/manifest-merger-blame-debug-report.txt
1<?xml version="1.0" encoding="utf-8"?>
2<manifest xmlns:android="http://schemas.android.com/apk/res/android"
3    package="com.example.android.bluetoothlegatt"
4    android:versionCode="1"
5    android:versionName="1.0" >
6
7    <uses-sdk
8        android:minSdkVersion="18"
8-->src\main\AndroidManifest.xml
9        android:targetSdkVersion="28" />
9-->src\main\AndroidManifest.xml
10
11    <uses-feature
11-->src\main\AndroidManifest.xml:36:5-38:35
12        android:name="android.hardware.bluetooth_le"
12-->src\main\AndroidManifest.xml:37:9-53
13        android:required="true" />
13-->src\main\AndroidManifest.xml:38:9-32
14
15    <uses-permission android:name="android.permission.BLUETOOTH_ADMIN" />
15-->src\main\AndroidManifest.xml:39:5-74
15-->src\main\AndroidManifest.xml:39:22-71
16    <uses-permission android:name="android.permission.ACCESS_FINE_LOCATION" />
16-->src\main\AndroidManifest.xml:40:5-79
16-->src\main\AndroidManifest.xml:40:22-76
17    <uses-permission android:name="android.permission.ACCESS_COARSE_LOCATION" />
17-->src\main\AndroidManifest.xml:41:5-81
17-->src\main\AndroidManifest.xml:41:22-78
18    <uses-permission android:name="android.permission.BLUETOOTH" />
18-->src\main\AndroidManifest.xml:43:5-68
18-->src\main\AndroidManifest.xml:43:22-65
19
20    <!-- Min/target SDK versions (<uses-sdk>) managed by build.gradle -->
21    <!--
22 Declare this required feature if you want to make the app available to BLE-capable
23    devices only.  If you want to make your app available to devices that don't support BLE,
24    you should omit this in the manifest.  Instead, determine BLE capability by using
25    PackageManager.hasSystemFeature(FEATURE_BLUETOOTH_LE)
26    -->
27    <application
27-->src\main\AndroidManifest.xml:13:5-34:19
28        android:appComponentFactory="android.support.v4.app.CoreComponentFactory"
28-->[com.android.support:support-compat:28.0.0] AndroidManifest.xml:22:18-91
29        android:debuggable="true"
30        android:icon="@drawable/ic_launcher"
30-->src\main\AndroidManifest.xml:14:9-45
31        android:label="@string/app_name"
31-->src\main\AndroidManifest.xml:15:9-41
32        android:testOnly="true"
33        android:theme="@android:style/Theme.Holo.Light" >
33-->src\main\AndroidManifest.xml:16:9-56
34        <activity android:name="com.example.android.MainActivity" >
34-->src\main\AndroidManifest.xml:17:9-23:20
34-->src\main\AndroidManifest.xml:17:19-66
35            <intent-filter>
35-->src\main\AndroidManifest.xml:18:13-22:29
36                <action android:name="android.intent.action.MAIN" />
36-->src\main\AndroidManifest.xml:19:17-69
36-->src\main\AndroidManifest.xml:19:25-66
37
38                <category android:name="android.intent.category.LAUNCHER" />
38-->src\main\AndroidManifest.xml:21:17-77
38-->src\main\AndroidManifest.xml:21:27-74
39            </intent-filter>
40        </activity>
41        <activity
41-->src\main\AndroidManifest.xml:24:9-28:20
42            android:name="com.example.android.bluetoothlegatt.DeviceScanActivity"
42-->src\main\AndroidManifest.xml:25:13-47
43            android:label="@string/app_name" >
43-->src\main\AndroidManifest.xml:26:13-45
44        </activity>
45        <activity android:name="com.example.android.bluetoothlegatt.DeviceControlActivity" />
45-->src\main\AndroidManifest.xml:29:9-59
45-->src\main\AndroidManifest.xml:29:19-56
46
47        <service
47-->src\main\AndroidManifest.xml:31:9-33:38
48            android:name="com.example.android.bluetoothlegatt.BluetoothLeService"
48-->src\main\AndroidManifest.xml:32:13-47
49            android:enabled="true" />
49-->src\main\AndroidManifest.xml:33:13-35
50    </application>
51
52</manifest>